2018-08-27 14:14:32,143 - INFO - ------------------------------------------------------------
2018-08-27 14:14:32,143 - INFO - Start restoring snapshot: snapshot-2018-08-27 ...
2018-08-27 14:14:32,143 - INFO - ------------------------------------------------------------
2018-08-27 14:14:32,143 - INFO - Deleting old indice: mobisale-test-2018.07.19 ...
2018-08-27 14:14:32,240 - INFO - Old indice was be deleted: mobisale-test-2018.07.19
2018-08-27 14:14:32,241 - INFO - Restoring indice: mobisale-test-2018.07.19 ...
2018-08-27 14:14:34,086 - INFO - Restore indice done! Indice name: mobisale-test-2018.07.19
2018-08-27 14:14:34,087 - INFO - Deleting old indice: sg6-auditlog-2018.06.07 ...
2018-08-27 14:14:34,276 - INFO - Old indice was be deleted: sg6-auditlog-2018.06.07
2018-08-27 14:14:34,276 - INFO - Restoring indice: sg6-auditlog-2018.06.07 ...
2018-08-27 14:14:36,557 - INFO - Restore indice done! Indice name: sg6-auditlog-2018.06.07
2018-08-27 14:14:36,557 - INFO - Deleting old indice: mobisale-test-2018.08.24 ...
2018-08-27 14:14:36,639 - INFO - Old indice was be deleted: mobisale-test-2018.08.24
2018-08-27 14:14:36,639 - INFO - Restoring indice: mobisale-test-2018.08.24 ...
2018-08-27 14:14:37,666 - INFO - Restore indice done! Indice name: mobisale-test-2018.08.24
2018-08-27 14:14:37,666 - INFO - Deleting old indice: mobisale-test-2018.07.20 ...
2018-08-27 14:14:37,790 - INFO - Old indice was be deleted: mobisale-test-2018.07.20
2018-08-27 14:14:37,790 - INFO - Restoring indice: mobisale-test-2018.07.20 ...
2018-08-27 14:14:39,010 - INFO - Restore indice done! Indice name: mobisale-test-2018.07.20
2018-08-27 14:14:39,010 - INFO - Deleting old indice: mobisale-test-2018.08.01 ...
2018-08-27 14:14:39,101 - INFO - Old indice was be deleted: mobisale-test-2018.08.01
2018-08-27 14:14:39,101 - INFO - Restoring indice: mobisale-test-2018.08.01 ...
2018-08-27 14:14:44,060 - INFO - Restore indice done! Indice name: mobisale-test-2018.08.01
2018-08-27 14:14:44,060 - INFO - Deleting old indice: mobisale-test-2018.06.26 ...
2018-08-27 14:14:44,134 - INFO - Old indice was be deleted: mobisale-test-2018.06.26
2018-08-27 14:14:44,134 - INFO - Restoring indice: mobisale-test-2018.06.26 ...
2018-08-27 14:14:45,428 - INFO - Restore indice done! Indice name: mobisale-test-2018.06.26
2018-08-27 14:14:45,428 - INFO - Deleting old indice: filebeat-2018.06.04 ...
2018-08-27 14:14:45,561 - INFO - Old indice was be deleted: filebeat-2018.06.04
2018-08-27 14:14:45,561 - INFO - Restoring indice: filebeat-2018.06.04 ...
2018-08-27 14:14:46,715 - INFO - Restore indice done! Indice name: filebeat-2018.06.04
2018-08-27 14:14:46,715 - INFO - Deleting old indice: mobisale-test-2018.08.15 ...
2018-08-27 14:14:46,807 - INFO - Old indice was be deleted: mobisale-test-2018.08.15
2018-08-27 14:14:46,807 - INFO - Restoring indice: mobisale-test-2018.08.15 ...
2018-08-27 14:14:51,146 - INFO - Restore indice done! Indice name: mobisale-test-2018.08.15
2018-08-27 14:14:51,146 - INFO - Deleting old indice: mobisale-test-2018.06.21 ...
2018-08-27 14:14:51,195 - INFO - Old indice was be deleted: mobisale-test-2018.06.21
2018-08-27 14:14:51,195 - INFO - Restoring indice: mobisale-test-2018.06.21 ...
2018-08-27 14:14:52,005 - INFO - Restore indice done! Indice name: mobisale-test-2018.06.21
2018-08-27 14:14:52,005 - INFO - Deleting old indice: filebeat-2018.06.05 ...
2018-08-27 14:14:52,055 - INFO - Old indice was be deleted: filebeat-2018.06.05
2018-08-27 14:14:52,055 - INFO - Restoring indice: filebeat-2018.06.05 ...
2018-08-27 14:14:52,840 - INFO - Restore indice done! Indice name: filebeat-2018.06.05
2018-08-27 14:14:52,840 - INFO - Deleting old indice: %{[@metadata][beat]}-2018.06.14 ...
2018-08-27 14:14:52,854 - ERROR - Delete indice failed! Detail:
{"error":{"root_cause":[{"type":"index_not_found_exception","reason":"no such index","resource.type":"index_or_alias","resource.id":"%7B[@metadata][beat]}-2018.06.14","index_uuid":"_na_","index":"%7B[@metadata][beat]}-2018.06.14"}],"type":"index_not_found_exception","reason":"no such index","resource.type":"index_or_alias","resource.id":"%7B[@metadata][beat]}-2018.06.14","index_uuid":"_na_","index":"%7B[@metadata][beat]}-2018.06.14"},"status":404}
2018-08-27 14:14:52,854 - INFO - Restoring indice: %{[@metadata][beat]}-2018.06.14 ...
2018-08-27 14:14:52,869 - ERROR - Restore indice failed!  Detail:
{
  "error" : {
    "root_cause" : [
      {
        "type" : "snapshot_restore_exception",
        "reason" : "[repo3:snapshot-2018-08-27/l7zVn1bGSeqmwm4how-1AQ] cannot restore index [%{[@metadata][beat]}-2018.06.14] because an open index with same name already exists in the cluster. Either close or delete the existing index or restore the index under a different name by providing a rename pattern and replacement name"
      }
    ],
    "type" : "snapshot_restore_exception",
    "reason" : "[repo3:snapshot-2018-08-27/l7zVn1bGSeqmwm4how-1AQ] cannot restore index [%{[@metadata][beat]}-2018.06.14] because an open index with same name already exists in the cluster. Either close or delete the existing index or restore the index under a different name by providing a rename pattern and replacement name"
  },
  "status" : 500
}

2018-08-27 14:14:52,869 - INFO - Deleting old indice: mobisale-test-2018.06.25 ...
2018-08-27 14:14:52,931 - INFO - Old indice was be deleted: mobisale-test-2018.06.25
2018-08-27 14:14:52,931 - INFO - Restoring indice: mobisale-test-2018.06.25 ...
2018-08-27 14:14:53,736 - INFO - Restore indice done! Indice name: mobisale-test-2018.06.25
2018-08-27 14:14:53,736 - INFO - Deleting old indice: mobisale-test-2018.07.23 ...
2018-08-27 14:14:53,818 - INFO - Old indice was be deleted: mobisale-test-2018.07.23
2018-08-27 14:14:53,818 - INFO - Restoring indice: mobisale-test-2018.07.23 ...
2018-08-27 14:14:55,498 - INFO - Restore indice done! Indice name: mobisale-test-2018.07.23
2018-08-27 14:14:55,498 - INFO - Deleting old indice: snapshot_1_restored_%{[@metadata][beat]}-2018.06.18 ...
2018-08-27 14:14:55,511 - ERROR - Delete indice failed! Detail:
{"error":{"root_cause":[{"type":"index_not_found_exception","reason":"no such index","resource.type":"index_or_alias","resource.id":"snapshot_1_restored_%7B[@metadata][beat]}-2018.06.18","index_uuid":"_na_","index":"snapshot_1_restored_%7B[@metadata][beat]}-2018.06.18"}],"type":"index_not_found_exception","reason":"no such index","resource.type":"index_or_alias","resource.id":"snapshot_1_restored_%7B[@metadata][beat]}-2018.06.18","index_uuid":"_na_","index":"snapshot_1_restored_%7B[@metadata][beat]}-2018.06.18"},"status":404}
2018-08-27 14:14:55,511 - INFO - Restoring indice: snapshot_1_restored_%{[@metadata][beat]}-2018.06.18 ...
2018-08-27 14:14:55,526 - ERROR - Restore indice failed!  Detail:
{
  "error" : {
    "root_cause" : [
      {
        "type" : "snapshot_restore_exception",
        "reason" : "[repo3:snapshot-2018-08-27/l7zVn1bGSeqmwm4how-1AQ] cannot restore index [snapshot_1_restored_%{[@metadata][beat]}-2018.06.18] because an open index with same name already exists in the cluster. Either close or delete the existing index or restore the index under a different name by providing a rename pattern and replacement name"
      }
    ],
    "type" : "snapshot_restore_exception",
    "reason" : "[repo3:snapshot-2018-08-27/l7zVn1bGSeqmwm4how-1AQ] cannot restore index [snapshot_1_restored_%{[@metadata][beat]}-2018.06.18] because an open index with same name already exists in the cluster. Either close or delete the existing index or restore the index under a different name by providing a rename pattern and replacement name"
  },
  "status" : 500
}

2018-08-27 14:14:55,526 - INFO - Deleting old indice: mobisale-test-2018.07.31 ...
2018-08-27 14:14:55,664 - INFO - Old indice was be deleted: mobisale-test-2018.07.31
2018-08-27 14:14:55,665 - INFO - Restoring indice: mobisale-test-2018.07.31 ...
2018-08-27 14:14:58,423 - INFO - Restore indice done! Indice name: mobisale-test-2018.07.31
2018-08-27 14:14:58,423 - INFO - Deleting old indice: mobisale-test-2018.07.25 ...
2018-08-27 14:14:58,498 - INFO - Old indice was be deleted: mobisale-test-2018.07.25
2018-08-27 14:14:58,498 - INFO - Restoring indice: mobisale-test-2018.07.25 ...
2018-08-27 14:15:00,622 - INFO - Restore indice done! Indice name: mobisale-test-2018.07.25
2018-08-27 14:15:00,622 - INFO - Deleting old indice: filebeat-2018.08.06 ...
2018-08-27 14:15:00,679 - INFO - Old indice was be deleted: filebeat-2018.08.06
2018-08-27 14:15:00,679 - INFO - Restoring indice: filebeat-2018.08.06 ...
2018-08-27 14:15:01,331 - INFO - Restore indice done! Indice name: filebeat-2018.08.06
2018-08-27 14:15:01,332 - INFO - Deleting old indice: mobisale-test-2018.08.14 ...
2018-08-27 14:15:01,398 - INFO - Old indice was be deleted: mobisale-test-2018.08.14
2018-08-27 14:15:01,398 - INFO - Restoring indice: mobisale-test-2018.08.14 ...
2018-08-27 14:15:02,845 - INFO - Restore indice done! Indice name: mobisale-test-2018.08.14
2018-08-27 14:15:02,845 - INFO - Deleting old indice: mobisale-test-2018.07.13 ...
2018-08-27 14:15:02,902 - INFO - Old indice was be deleted: mobisale-test-2018.07.13
2018-08-27 14:15:02,902 - INFO - Restoring indice: mobisale-test-2018.07.13 ...
2018-08-27 14:15:04,031 - INFO - Restore indice done! Indice name: mobisale-test-2018.07.13
2018-08-27 14:15:04,031 - INFO - Deleting old indice: mobisale-test-2018.07.03 ...
2018-08-27 14:15:04,120 - INFO - Old indice was be deleted: mobisale-test-2018.07.03
2018-08-27 14:15:04,120 - INFO - Restoring indice: mobisale-test-2018.07.03 ...
2018-08-27 14:15:05,592 - INFO - Restore indice done! Indice name: mobisale-test-2018.07.03
2018-08-27 14:15:05,592 - INFO - Deleting old indice: filebeat-2018.06.13 ...
2018-08-27 14:15:05,683 - INFO - Old indice was be deleted: filebeat-2018.06.13
2018-08-27 14:15:05,683 - INFO - Restoring indice: filebeat-2018.06.13 ...
2018-08-27 14:15:06,920 - INFO - Restore indice done! Indice name: filebeat-2018.06.13
2018-08-27 14:15:06,921 - INFO - Deleting old indice: mobisale-test-2018.08.03 ...
2018-08-27 14:15:07,029 - INFO - Old indice was be deleted: mobisale-test-2018.08.03
2018-08-27 14:15:07,029 - INFO - Restoring indice: mobisale-test-2018.08.03 ...
2018-08-27 14:15:10,717 - INFO - Restore indice done! Indice name: mobisale-test-2018.08.03
2018-08-27 14:15:10,717 - INFO - Deleting old indice: mobisale-test-2018.08.02 ...
2018-08-27 14:15:10,795 - INFO - Old indice was be deleted: mobisale-test-2018.08.02
2018-08-27 14:15:10,795 - INFO - Restoring indice: mobisale-test-2018.08.02 ...
2018-08-27 14:15:13,697 - INFO - Restore indice done! Indice name: mobisale-test-2018.08.02
2018-08-27 14:15:13,697 - INFO - Deleting old indice: mobisale-test-2018.08.13 ...
2018-08-27 14:15:13,773 - INFO - Old indice was be deleted: mobisale-test-2018.08.13
2018-08-27 14:15:13,773 - INFO - Restoring indice: mobisale-test-2018.08.13 ...
2018-08-27 14:15:17,345 - INFO - Restore indice done! Indice name: mobisale-test-2018.08.13
2018-08-27 14:15:17,345 - INFO - Deleting old indice: filebeat-2018.06.20 ...
2018-08-27 14:15:17,461 - INFO - Old indice was be deleted: filebeat-2018.06.20
2018-08-27 14:15:17,461 - INFO - Restoring indice: filebeat-2018.06.20 ...
2018-08-27 14:15:21,082 - INFO - Restore indice done! Indice name: filebeat-2018.06.20
2018-08-27 14:15:21,082 - INFO - Deleting old indice: mobisale-test-2018.07.05 ...
2018-08-27 14:15:21,306 - INFO - Old indice was be deleted: mobisale-test-2018.07.05
2018-08-27 14:15:21,306 - INFO - Restoring indice: mobisale-test-2018.07.05 ...
2018-08-27 14:15:22,568 - INFO - Restore indice done! Indice name: mobisale-test-2018.07.05
2018-08-27 14:15:22,569 - INFO - Deleting old indice: mobisale-test-2018.07.16 ...
2018-08-27 14:15:22,727 - INFO - Old indice was be deleted: mobisale-test-2018.07.16
2018-08-27 14:15:22,727 - INFO - Restoring indice: mobisale-test-2018.07.16 ...
2018-08-27 14:15:24,196 - INFO - Restore indice done! Indice name: mobisale-test-2018.07.16
2018-08-27 14:15:24,196 - INFO - Deleting old indice: mobisale-test-2018.08.09 ...
2018-08-27 14:15:24,429 - INFO - Old indice was be deleted: mobisale-test-2018.08.09
2018-08-27 14:15:24,430 - INFO - Restoring indice: mobisale-test-2018.08.09 ...
2018-08-27 14:15:28,400 - INFO - Restore indice done! Indice name: mobisale-test-2018.08.09
2018-08-27 14:15:28,400 - INFO - Deleting old indice: mobisale-test-2018.08.23 ...
2018-08-27 14:15:28,543 - INFO - Old indice was be deleted: mobisale-test-2018.08.23
2018-08-27 14:15:28,543 - INFO - Restoring indice: mobisale-test-2018.08.23 ...
2018-08-27 14:15:31,407 - INFO - Restore indice done! Indice name: mobisale-test-2018.08.23
2018-08-27 14:15:31,407 - INFO - Deleting old indice: mobisale-test-2018.08.16 ...
2018-08-27 14:15:31,491 - INFO - Old indice was be deleted: mobisale-test-2018.08.16
2018-08-27 14:15:31,491 - INFO - Restoring indice: mobisale-test-2018.08.16 ...
2018-08-27 14:15:35,241 - INFO - Restore indice done! Indice name: mobisale-test-2018.08.16
2018-08-27 14:15:35,241 - INFO - Deleting old indice: mobisale-test-2018.06.27 ...
2018-08-27 14:15:35,349 - INFO - Old indice was be deleted: mobisale-test-2018.06.27
2018-08-27 14:15:35,349 - INFO - Restoring indice: mobisale-test-2018.06.27 ...
2018-08-27 14:15:36,761 - INFO - Restore indice done! Indice name: mobisale-test-2018.06.27
2018-08-27 14:15:36,761 - INFO - Deleting old indice: mobisale-test-2018.06.01 ...
2018-08-27 14:15:36,843 - INFO - Old indice was be deleted: mobisale-test-2018.06.01
2018-08-27 14:15:36,843 - INFO - Restoring indice: mobisale-test-2018.06.01 ...
2018-08-27 14:15:37,489 - INFO - Restore indice done! Indice name: mobisale-test-2018.06.01
2018-08-27 14:15:37,489 - INFO - Deleting old indice: searchguard ...
2018-08-27 14:15:37,503 - ERROR - Delete indice failed! Detail:
{"error":{"root_cause":[{"type":"security_exception","reason":"no permissions for [indices:admin/delete] and User [name=admin, roles=[admin], requestedTenant=null]"}],"type":"security_exception","reason":"no permissions for [indices:admin/delete] and User [name=admin, roles=[admin], requestedTenant=null]"},"status":403}
2018-08-27 14:15:37,503 - INFO - Restoring indice: searchguard ...
2018-08-27 14:15:37,517 - ERROR - Restore indice failed!  Detail:
{
  "error" : {
    "root_cause" : [
      {
        "type" : "security_exception",
        "reason" : "no permissions for [cluster:admin/snapshot/restore] and User [name=admin, roles=[admin], requestedTenant=null]"
      }
    ],
    "type" : "security_exception",
    "reason" : "no permissions for [cluster:admin/snapshot/restore] and User [name=admin, roles=[admin], requestedTenant=null]"
  },
  "status" : 403
}

2018-08-27 14:15:37,518 - INFO - Deleting old indice: mobisale-test-2018.07.04 ...
2018-08-27 14:15:37,612 - INFO - Old indice was be deleted: mobisale-test-2018.07.04
2018-08-27 14:15:37,612 - INFO - Restoring indice: mobisale-test-2018.07.04 ...
2018-08-27 14:15:38,534 - INFO - Restore indice done! Indice name: mobisale-test-2018.07.04
2018-08-27 14:15:38,534 - INFO - Deleting old indice: snapshot_1_restored_%{[@metadata][beat]}-2018.06.15 ...
2018-08-27 14:15:38,548 - ERROR - Delete indice failed! Detail:
{"error":{"root_cause":[{"type":"index_not_found_exception","reason":"no such index","resource.type":"index_or_alias","resource.id":"snapshot_1_restored_%7B[@metadata][beat]}-2018.06.15","index_uuid":"_na_","index":"snapshot_1_restored_%7B[@metadata][beat]}-2018.06.15"}],"type":"index_not_found_exception","reason":"no such index","resource.type":"index_or_alias","resource.id":"snapshot_1_restored_%7B[@metadata][beat]}-2018.06.15","index_uuid":"_na_","index":"snapshot_1_restored_%7B[@metadata][beat]}-2018.06.15"},"status":404}
2018-08-27 14:15:38,548 - INFO - Restoring indice: snapshot_1_restored_%{[@metadata][beat]}-2018.06.15 ...
2018-08-27 14:15:38,564 - ERROR - Restore indice failed!  Detail:
{
  "error" : {
    "root_cause" : [
      {
        "type" : "snapshot_restore_exception",
        "reason" : "[repo3:snapshot-2018-08-27/l7zVn1bGSeqmwm4how-1AQ] cannot restore index [snapshot_1_restored_%{[@metadata][beat]}-2018.06.15] because an open index with same name already exists in the cluster. Either close or delete the existing index or restore the index under a different name by providing a rename pattern and replacement name"
      }
    ],
    "type" : "snapshot_restore_exception",
    "reason" : "[repo3:snapshot-2018-08-27/l7zVn1bGSeqmwm4how-1AQ] cannot restore index [snapshot_1_restored_%{[@metadata][beat]}-2018.06.15] because an open index with same name already exists in the cluster. Either close or delete the existing index or restore the index under a different name by providing a rename pattern and replacement name"
  },
  "status" : 500
}

2018-08-27 14:15:38,564 - INFO - Deleting old indice: bulcw1x1_restored_twitter ...
2018-08-27 14:15:38,641 - INFO - Old indice was be deleted: bulcw1x1_restored_twitter
2018-08-27 14:15:38,641 - INFO - Restoring indice: bulcw1x1_restored_twitter ...
2018-08-27 14:15:39,303 - INFO - Restore indice done! Indice name: bulcw1x1_restored_twitter
2018-08-27 14:15:39,303 - INFO - Deleting old indice: ialsokdu_restored_twitter ...
2018-08-27 14:15:39,385 - INFO - Old indice was be deleted: ialsokdu_restored_twitter
2018-08-27 14:15:39,385 - INFO - Restoring indice: ialsokdu_restored_twitter ...
2018-08-27 14:15:40,389 - INFO - Restore indice done! Indice name: ialsokdu_restored_twitter
2018-08-27 14:15:40,389 - INFO - Deleting old indice: mobisale-test-2018.07.09 ...
2018-08-27 14:15:40,479 - INFO - Old indice was be deleted: mobisale-test-2018.07.09
2018-08-27 14:15:40,479 - INFO - Restoring indice: mobisale-test-2018.07.09 ...
2018-08-27 14:15:41,911 - INFO - Restore indice done! Indice name: mobisale-test-2018.07.09
2018-08-27 14:15:41,911 - INFO - Deleting old indice: mobisale-test-2018.08.22 ...
2018-08-27 14:15:42,117 - INFO - Old indice was be deleted: mobisale-test-2018.08.22
2018-08-27 14:15:42,117 - INFO - Restoring indice: mobisale-test-2018.08.22 ...
2018-08-27 14:15:44,927 - INFO - Restore indice done! Indice name: mobisale-test-2018.08.22
2018-08-27 14:15:44,927 - INFO - Deleting old indice: restored_index_2018.06.04 ...
2018-08-27 14:15:45,020 - INFO - Old indice was be deleted: restored_index_2018.06.04
2018-08-27 14:15:45,020 - INFO - Restoring indice: restored_index_2018.06.04 ...
2018-08-27 14:15:46,064 - INFO - Restore indice done! Indice name: restored_index_2018.06.04
2018-08-27 14:15:46,064 - INFO - Deleting old indice: .kibana ...
2018-08-27 14:15:46,129 - INFO - Old indice was be deleted: .kibana
2018-08-27 14:15:46,129 - INFO - Restoring indice: .kibana ...
2018-08-27 14:15:47,148 - INFO - Restore indice done! Indice name: .kibana
2018-08-27 14:15:47,148 - INFO - Deleting old indice: mobisale-test-2018.07.24 ...
2018-08-27 14:15:47,431 - INFO - Old indice was be deleted: mobisale-test-2018.07.24
2018-08-27 14:15:47,431 - INFO - Restoring indice: mobisale-test-2018.07.24 ...
2018-08-27 14:15:53,005 - INFO - Restore indice done! Indice name: mobisale-test-2018.07.24
2018-08-27 14:15:53,006 - INFO - Deleting old indice: mobisale-test-2018.07.27 ...
2018-08-27 14:15:53,105 - INFO - Old indice was be deleted: mobisale-test-2018.07.27
2018-08-27 14:15:53,105 - INFO - Restoring indice: mobisale-test-2018.07.27 ...
2018-08-27 14:15:54,771 - INFO - Restore indice done! Indice name: mobisale-test-2018.07.27
2018-08-27 14:15:54,771 - INFO - Deleting old indice: filebeat-2018.08.08 ...
2018-08-27 14:15:54,845 - INFO - Old indice was be deleted: filebeat-2018.08.08
2018-08-27 14:15:54,845 - INFO - Restoring indice: filebeat-2018.08.08 ...
2018-08-27 14:15:56,448 - INFO - Restore indice done! Indice name: filebeat-2018.08.08
2018-08-27 14:15:56,448 - INFO - Deleting old indice: %{[@metadata][beat]}-2018.06.15 ...
2018-08-27 14:15:56,462 - ERROR - Delete indice failed! Detail:
{"error":{"root_cause":[{"type":"index_not_found_exception","reason":"no such index","resource.type":"index_or_alias","resource.id":"%7B[@metadata][beat]}-2018.06.15","index_uuid":"_na_","index":"%7B[@metadata][beat]}-2018.06.15"}],"type":"index_not_found_exception","reason":"no such index","resource.type":"index_or_alias","resource.id":"%7B[@metadata][beat]}-2018.06.15","index_uuid":"_na_","index":"%7B[@metadata][beat]}-2018.06.15"},"status":404}
2018-08-27 14:15:56,462 - INFO - Restoring indice: %{[@metadata][beat]}-2018.06.15 ...
2018-08-27 14:15:56,477 - ERROR - Restore indice failed!  Detail:
{
  "error" : {
    "root_cause" : [
      {
        "type" : "snapshot_restore_exception",
        "reason" : "[repo3:snapshot-2018-08-27/l7zVn1bGSeqmwm4how-1AQ] cannot restore index [%{[@metadata][beat]}-2018.06.15] because an open index with same name already exists in the cluster. Either close or delete the existing index or restore the index under a different name by providing a rename pattern and replacement name"
      }
    ],
    "type" : "snapshot_restore_exception",
    "reason" : "[repo3:snapshot-2018-08-27/l7zVn1bGSeqmwm4how-1AQ] cannot restore index [%{[@metadata][beat]}-2018.06.15] because an open index with same name already exists in the cluster. Either close or delete the existing index or restore the index under a different name by providing a rename pattern and replacement name"
  },
  "status" : 500
}

2018-08-27 14:15:56,478 - INFO - Deleting old indice: mobisale-test-2018.08.06 ...
2018-08-27 14:15:56,581 - INFO - Old indice was be deleted: mobisale-test-2018.08.06
2018-08-27 14:15:56,581 - INFO - Restoring indice: mobisale-test-2018.08.06 ...
2018-08-27 14:15:59,382 - INFO - Restore indice done! Indice name: mobisale-test-2018.08.06
2018-08-27 14:15:59,382 - INFO - Deleting old indice: mobisale-test-2018.06.20 ...
2018-08-27 14:15:59,441 - INFO - Old indice was be deleted: mobisale-test-2018.06.20
2018-08-27 14:15:59,441 - INFO - Restoring indice: mobisale-test-2018.06.20 ...
2018-08-27 14:16:00,255 - INFO - Restore indice done! Indice name: mobisale-test-2018.06.20
2018-08-27 14:16:00,255 - INFO - Deleting old indice: snapshot_1_restored_%{[@metadata][beat]}-2018.06.14 ...
2018-08-27 14:16:00,269 - ERROR - Delete indice failed! Detail:
{"error":{"root_cause":[{"type":"index_not_found_exception","reason":"no such index","resource.type":"index_or_alias","resource.id":"snapshot_1_restored_%7B[@metadata][beat]}-2018.06.14","index_uuid":"_na_","index":"snapshot_1_restored_%7B[@metadata][beat]}-2018.06.14"}],"type":"index_not_found_exception","reason":"no such index","resource.type":"index_or_alias","resource.id":"snapshot_1_restored_%7B[@metadata][beat]}-2018.06.14","index_uuid":"_na_","index":"snapshot_1_restored_%7B[@metadata][beat]}-2018.06.14"},"status":404}
2018-08-27 14:16:00,269 - INFO - Restoring indice: snapshot_1_restored_%{[@metadata][beat]}-2018.06.14 ...
2018-08-27 14:16:00,284 - ERROR - Restore indice failed!  Detail:
{
  "error" : {
    "root_cause" : [
      {
        "type" : "snapshot_restore_exception",
        "reason" : "[repo3:snapshot-2018-08-27/l7zVn1bGSeqmwm4how-1AQ] cannot restore index [snapshot_1_restored_%{[@metadata][beat]}-2018.06.14] because an open index with same name already exists in the cluster. Either close or delete the existing index or restore the index under a different name by providing a rename pattern and replacement name"
      }
    ],
    "type" : "snapshot_restore_exception",
    "reason" : "[repo3:snapshot-2018-08-27/l7zVn1bGSeqmwm4how-1AQ] cannot restore index [snapshot_1_restored_%{[@metadata][beat]}-2018.06.14] because an open index with same name already exists in the cluster. Either close or delete the existing index or restore the index under a different name by providing a rename pattern and replacement name"
  },
  "status" : 500
}

2018-08-27 14:16:00,285 - INFO - Deleting old indice: mobisale-test-2018.07.30 ...
2018-08-27 14:16:00,359 - INFO - Old indice was be deleted: mobisale-test-2018.07.30
2018-08-27 14:16:00,359 - INFO - Restoring indice: mobisale-test-2018.07.30 ...
2018-08-27 14:16:02,032 - INFO - Restore indice done! Indice name: mobisale-test-2018.07.30
2018-08-27 14:16:02,032 - INFO - Deleting old indice: mobisale-test-2018.07.02 ...
2018-08-27 14:16:02,122 - INFO - Old indice was be deleted: mobisale-test-2018.07.02
2018-08-27 14:16:02,122 - INFO - Restoring indice: mobisale-test-2018.07.02 ...
2018-08-27 14:16:03,786 - INFO - Restore indice done! Indice name: mobisale-test-2018.07.02
2018-08-27 14:16:03,787 - INFO - Deleting old indice: mobisale-test-2018.07.11 ...
2018-08-27 14:16:03,869 - INFO - Old indice was be deleted: mobisale-test-2018.07.11
2018-08-27 14:16:03,869 - INFO - Restoring indice: mobisale-test-2018.07.11 ...
2018-08-27 14:16:05,023 - INFO - Restore indice done! Indice name: mobisale-test-2018.07.11
2018-08-27 14:16:05,023 - INFO - Deleting old indice: mobisale-test-2018.08.07 ...
2018-08-27 14:16:05,156 - INFO - Old indice was be deleted: mobisale-test-2018.08.07
2018-08-27 14:16:05,156 - INFO - Restoring indice: mobisale-test-2018.08.07 ...
2018-08-27 14:16:07,010 - INFO - Restore indice done! Indice name: mobisale-test-2018.08.07
2018-08-27 14:16:07,010 - INFO - Deleting old indice: twitter ...
2018-08-27 14:16:07,066 - INFO - Old indice was be deleted: twitter
2018-08-27 14:16:07,066 - INFO - Restoring indice: twitter ...
2018-08-27 14:16:07,714 - INFO - Restore indice done! Indice name: twitter
2018-08-27 14:16:07,714 - INFO - Deleting old indice: mobisale-test-2018.07.06 ...
2018-08-27 14:16:07,772 - INFO - Old indice was be deleted: mobisale-test-2018.07.06
2018-08-27 14:16:07,772 - INFO - Restoring indice: mobisale-test-2018.07.06 ...
2018-08-27 14:16:08,550 - INFO - Restore indice done! Indice name: mobisale-test-2018.07.06
2018-08-27 14:16:08,550 - INFO - Deleting old indice: %{[@metadata][beat]}-2018.06.18 ...
2018-08-27 14:16:08,564 - ERROR - Delete indice failed! Detail:
{"error":{"root_cause":[{"type":"index_not_found_exception","reason":"no such index","resource.type":"index_or_alias","resource.id":"%7B[@metadata][beat]}-2018.06.18","index_uuid":"_na_","index":"%7B[@metadata][beat]}-2018.06.18"}],"type":"index_not_found_exception","reason":"no such index","resource.type":"index_or_alias","resource.id":"%7B[@metadata][beat]}-2018.06.18","index_uuid":"_na_","index":"%7B[@metadata][beat]}-2018.06.18"},"status":404}
2018-08-27 14:16:08,564 - INFO - Restoring indice: %{[@metadata][beat]}-2018.06.18 ...
2018-08-27 14:16:08,579 - ERROR - Restore indice failed!  Detail:
{
  "error" : {
    "root_cause" : [
      {
        "type" : "snapshot_restore_exception",
        "reason" : "[repo3:snapshot-2018-08-27/l7zVn1bGSeqmwm4how-1AQ] cannot restore index [%{[@metadata][beat]}-2018.06.18] because an open index with same name already exists in the cluster. Either close or delete the existing index or restore the index under a different name by providing a rename pattern and replacement name"
      }
    ],
    "type" : "snapshot_restore_exception",
    "reason" : "[repo3:snapshot-2018-08-27/l7zVn1bGSeqmwm4how-1AQ] cannot restore index [%{[@metadata][beat]}-2018.06.18] because an open index with same name already exists in the cluster. Either close or delete the existing index or restore the index under a different name by providing a rename pattern and replacement name"
  },
  "status" : 500
}

2018-08-27 14:16:08,580 - INFO - Deleting old indice: mobisale-test-2018.07.26 ...
2018-08-27 14:16:08,650 - INFO - Old indice was be deleted: mobisale-test-2018.07.26
2018-08-27 14:16:08,650 - INFO - Restoring indice: mobisale-test-2018.07.26 ...
2018-08-27 14:16:11,075 - INFO - Restore indice done! Indice name: mobisale-test-2018.07.26
2018-08-27 14:16:11,076 - INFO - Deleting old indice: filebeat-2018.08.27 ...
2018-08-27 14:16:11,142 - INFO - Old indice was be deleted: filebeat-2018.08.27
2018-08-27 14:16:11,142 - INFO - Restoring indice: filebeat-2018.08.27 ...
2018-08-27 14:16:11,967 - INFO - Restore indice done! Indice name: filebeat-2018.08.27
2018-08-27 14:16:11,967 - INFO - Deleting old indice: mobisale-test-2018.08.08 ...
2018-08-27 14:16:12,059 - INFO - Old indice was be deleted: mobisale-test-2018.08.08
2018-08-27 14:16:12,059 - INFO - Restoring indice: mobisale-test-2018.08.08 ...
2018-08-27 14:16:14,243 - INFO - Restore indice done! Indice name: mobisale-test-2018.08.08
2018-08-27 14:16:14,244 - INFO - Deleting old indice: mobisale-test-2018.08.10 ...
2018-08-27 14:16:14,328 - INFO - Old indice was be deleted: mobisale-test-2018.08.10
2018-08-27 14:16:14,328 - INFO - Restoring indice: mobisale-test-2018.08.10 ...
2018-08-27 14:16:16,896 - INFO - Restore indice done! Indice name: mobisale-test-2018.08.10
2018-08-27 14:16:16,896 - INFO - Deleting old indice: mobisale-test-2018.06.22 ...
2018-08-27 14:16:16,987 - INFO - Old indice was be deleted: mobisale-test-2018.06.22
2018-08-27 14:16:16,987 - INFO - Restoring indice: mobisale-test-2018.06.22 ...
2018-08-27 14:16:18,041 - INFO - Restore indice done! Indice name: mobisale-test-2018.06.22
2018-08-27 14:16:18,041 - INFO - Deleting old indice: sg6-auditlog-2018.06.20 ...
2018-08-27 14:16:18,116 - INFO - Old indice was be deleted: sg6-auditlog-2018.06.20
2018-08-27 14:16:18,116 - INFO - Restoring indice: sg6-auditlog-2018.06.20 ...
2018-08-27 14:16:19,009 - INFO - Restore indice done! Indice name: sg6-auditlog-2018.06.20
